

Job started at Mon Jun 29 13:36:56 2026


Sync started at Mon Jun 29 13:36:57 2026


ERROR: 10, HTTP Error. Could not connect to the tunneling URL.

Sync started at Mon Jun 29 13:36:57 2026

agama                            7        7         0        0        0
agenda_sidang                    2        2         0        0        0
antrian                         79       79         0        0        0
arsip                        10191    10191         0        0        0
arsip_pinjam                    29       29         0        0        0
biaya_perkara                 4051     4051         0        0        0
bukti_tilang                    12       12         0        0        0
delegasi_file_keluar          1871     1871         0        0        0
delegasi_file_masuk           1085     1085         0        0        0
delegasi_proses_keluar         638      638         0        0        0
delegasi_masuk                 452      452         0        0        0
delegasi_keluar                742      742         0        0        0
delegasi_proses_masuk          451      451         0        0        0
dirput_antrian                6280     6280         0        0        0
dirput_dokumen                8007     8007         0        0        0
dirput_pengajuan                99       99         0        0        0
dirput_perkara                4265     4265         0        0        0
diversi_register                81       81         0        0        0
diversi_anak_orang_tua          73       73         0        0        0
diversi_jenis_kesepakatan_diversi       35       35         0        0        0
diversi_korban_orang_tua         0        0         0        0        0
diversi_register_blm_12tahun        1        1         0        0        0
diversi_anak_blm_12tahun         1        1         0        0        0
diversi_pembimbing_kemasyarakatan       26       26         0        0        0
diversi_penasihat_hukum          0        0         0        0        0
diversi_penuntut                 1        1         0        0        0
diversi_penyidik                21       21         0        0        0
ecourt_biaya                 13360    13360         0        0        0
ecourt_antrian_cabut             5        5         0        0        0
ecourt_antrian_pendaftaran      896      896         0        0        0
ecourt_banding                  62       62         0        0        0
ecourt_cabut                     6        6         0        0        0
ecourt_hakim                    53       53         0        0        0
ecourt_jadwal_sidang          3777     3777         0        0        0
ecourt_jurusita                  9        9         0        0        0
ecourt_kuasa_hukum             690      690         0        0        0
ecourt_panitera                 51       51         0        0        0
ecourt_pengacara               178      178         0        0        0
ecourt_pengacara_tmp           181      181         0        0        0
ecourt_perkara_hakim          1146     1146         0        0        0
ecourt_perkara_jurusita        483      483         0        0        0
ecourt_perkara_panitera        566      566         0        0        0
ecourt_pihak                  2119     2119         0        0        0
ecourt_putusan                 546      546         0        0        0
hakim_ma                        32       32         0        0        0
hakim_pn                        77       77         0        0        0
izin_penggeledahan               0        0         0        0        0
izin_penyitaan                   0        0         0        0        0
jabatan_hakim                    3        3         0        0        0
jenis_dokumen                    7        7         0        0        0
jenis_intervensi                 3        3         0        0        0
jurusita                        11       11         0        0        0
kurator                          0        0         0        0        0
mediator                        58       58         0        0        0
panitera_ma                     20       20         0        0        0
panitera_pn                     56       56         0        0        0
penahanan_terdakwa           42651    42651         0        0        0
perkara                      35752    35752         0        0        0
perkara_court_calendar       21974    21974         0        0        0
perkara_dokumen_rapat            0        0         0        0        0
perkara_dokumen_rapat_pkpu        0        0         0        0        0
perkara_efiling_id             865      865         0        0        0
perkara_penawaran_konsinyasi        6        6         0        0        0
perkara_bantahan_tagihan         0        0         0        0        0
perkara_biaya_penyelesaian_pailit        0        0         0        0        0
perkara_biaya_tk                 0        0         0        0        0
perkara_efiling                888      888         0        0        0
perkara_eksekusi_tk              0        0         0        0        0
perkara_eksekusi_detil_tk        0        0         0        0        0
perkara_hakim_pengawas           0        0         0        0        0
perkara_hasil_pemungutan_suara        0        0         0        0        0
perkara_jadwal_pemeriksaan_pk       28       28         0        0        0
perkara_jadwal_pemeriksaan_tambahan        0        0         0        0        0
perkara_jadwal_musyawarah_diversi       25       25         0        0        0
perkara_juncto                   0        0         0        0        0
perkara_kumulasi                 0        0         0        0        0
perkara_kurator                  0        0         0        0        0
perkara_laporan_kurator          0        0         0        0        0
perkara_laporan_publisitas        0        0         0        0        0
perkara_pasca_pailit             0        0         0        0        0
perkara_pihak_pekerja_sosial_profesional       11       11         0        0        0
perkara_pihak_perwakilan_masyarakat        2        2         0        0        0
perkara_pihak_tersangka          0        0         0        0        0
perkara_penetapan_hari_sidang    35759    35759         0        0        0
perkara_penetapan_hakim_pengawas        0        0         0        0        0
perkara_penetapan_publisitas        0        0         0        0        0
perkara_pengakhiran_kepailitan        0        0         0        0        0
perkara_pengakhiran_kepailitan_dokumen        0        0         0        0        0
perkara_pengakhiran_pkpu         0        0         0        0        0
perkara_pengumuman_kepailitan        0        0         0        0        0
perkara_penjualan_harta_pailit        0        0         0        0        0
perkara_penyidik              1883     1883         0        0        0
perkara_putusan_pkpu_sementara        0        0         0        0        0
perkara_putusan_pkpu_tetap        0        0         0        0        0
perkara_putusan_sela_uh          0        0         0        0        0
perkara_rapat_pasca_kepailitan        0        0         0        0        0
perkara_rapat_pkpu               0        0         0        0        0
perkara_ref_akad_syariah         0        0         0        0        0
perkara_ref_bidang_ekonomi_syariah        0        0         0        0        0
perkara_tindakan_hakim_pengawas        0        0         0        0        0
perkara_barang_bukti_perdata        0        0         0        0        0
perkara_keterangan_saksi       113      113         0        0        0
perkara_data_template_sidang       10       10         0        0        0
perkara_data_template_penahanan        1        1         0        0        0
perkara_keterangan_terdakwa        0        0         0        0        0
perkara_pelaksanaan_relaas     5096     5096         0        0        0
perkara_pendapat_terdakwa        5        5         0        0        0
perkara_actio_pauliana           0        0         0        0        0
perkara_akta_cerai               0        0         0        0        0
perkara_barang_bukti          6784     6784         0        0        0
perkara_banding                306      306         0        1        0
perkara_banding_detil          889      889         0        2        0
perkara_biaya                20382    20382         0        0        0
perkara_biaya_ht               709      709         0        0        0
perkara_data_pernikahan          0        0         0        0        0
perkara_dismissal                0        0         0        0        0
perkara_diversi                 26       26         0        0        0
perkara_dokumen                  0        0         0        0        0
perkara_eksekusi                27       27         0        0        0
perkara_eksekusi_detil         138      138         0        0        0
perkara_eksekusi_detil_ht       84       84         0        0        0
perkara_eksekusi_ht             40       40         0        0        0
perkara_grasi                    0        0         0        0        0
perkara_hakim_kasasi             0        0         0        0        0
perkara_hakim_pk                 0        0         0        0        0
perkara_hakim_pn             50429    50429         0        0        0
perkara_harta_pailit             0        0         0        0        0
perkara_ikrar_talak              0        0         0        0        0
perkara_izin_cerai               0        0         0        0        0
perkara_jadwal_mediasi        1067     1067         0        0        0
perkara_jadwal_sidang        74720    74720         0        4        0
perkara_jadwal_sidang_detil        0        0         0        0        0
perkara_jurusita              5718     5718         0        0        0
perkara_kasasi                 163      163         0        0        0
perkara_kasasi_detil           563      563         0        0        0
perkara_keberatan                5        5         0        0        0
perkara_keberatan_detil         13       13         0        0        0
perkara_kejaksaan             2637     2637         0        0        0
perkara_lalulintas           27723    27723         0        0        0
perkara_matra                    0        0         0        0        0
perkara_mediasi                541      541         0        0        0
perkara_mediator               546      546         0        0        0
perkara_panggilan_dismissal        0        0         0        0        0
perkara_panitera_kasasi          0        0         0        0        0
perkara_panitera_pk              0        0         0        0        0
perkara_panitera_pn          36109    36109         0        0        0
perkara_penetapan            35748    35748         0        0        0
perkara_pengacara              692      692         0        0        0
perkara_penuntutan            6644     6644         0        0        0
perkara_penyegelan               0        0         0        0        0
perkara_penyitaan                0        0         0        0        0
perkara_persiapan                0        0         0        0        0
perkara_persiapan_proses         0        0         0        0        0
perkara_pihak1                8490     8490         0        0        0
perkara_pihak2               34289    34289         0        0        0
perkara_pihak3                   1        1         0        0        0
perkara_pihak4                 213      213         0        0        0
perkara_pihak5                9080     9080         0        0        0
perkara_pihak_korban            63       63         0        0        0
perkara_pihak_orang_tua         96       96         0        0        0
perkara_pihak_pembimbing_masyarakat       26       26         0        0        0
perkara_pihak_penyidik           2        2         0        0        0
perkara_pk                      23       23         0        0        0
perkara_pk_detil                63       63         0        0        0
perkara_putusan              35653    35653         0        0        0
perkara_putusan_pemberitahuan_putusan    42474    42474         0        0        0
perkara_putusan_sela           136      136         0        0        0
perkara_putusan_terdakwa     81025    81025         0        0        0
perkara_putusan_terdakwa_kasasi       16       16         0        0        0
perkara_putusan_terdakwa_pk        2        2         0        0        0
perkara_rehabilitasi             0        0         0        0        0
perkara_rekonvensi               2        2         0        0        0
perkara_rekonvensi_detil         4        4         0        0        0
perkara_sumber_hukum_verzet        0        0         0        0        0
perkara_verzet                   0        0         0        0        0
pesan                          347      347         0        0        0
pesan_tujuan                   346      346         0        0        0
pihak                        44455    44455         0        0        0
pihak_foto                       0        0         0        0        0
pihak_jaksa                   1021     1021         0        0        0
pihak_pembimbing_masyarakat       16       16         0        0        0
pihak_pengacara                332      332         0        0        0
pihak_penyidik                  29       29         0        0        0
referensi_amar_putusan           0        0         0        0        0
referensi_kolom_data_template       22       22         0        0        0
ruangan_sidang                   5        5         0        0        0
saldo_awal                       0        0         0        0        0
sys_audit_config               101      101         0        0        0
sys_backup                       6        6         0        0        0
sys_config                      92       92         0        0        0
sys_day_name                     7        7         0        0        0
sys_form_rule                   81       81         0        0        0
sys_forms                      411      411         0        0        0
sys_langguage                   25       25         0        0        0
sys_menu_type                    1        1         0        0        0
sys_month_name                  12       12         0        0        0
sys_recordlock_config           63       63         0        0        0
sys_time_zone                   31       31         0        0        0
sys_user_group                 179      179         0        0        0
sys_user_online                100      101        12        0       13
sys_users                      174      174         0       13        0
template_dokumen_agenda         76       76         0        0        0
template_dokumen_jenis_agenda       35       35         0        0        0
template_history                58       58         0        0        0
template_perkara_bas             0        0         0        0        0
template_perkara_bas_detil_tanya_jawab        0        0         0        0        0
template_perkara_bas_penutup        0        0         0        0        0
template_amar_putusan            0        0         0        0        0
template_keterangan_saksi_m        0        0         0        0        0
template_keterangan_saksi_d        0        0         0        0        0
user_hakim                      66       66         0        0        0
user_jurusita                   11       11         0        0        0
user_panitera                   57       57         0        0        0
usulan_kurator                   0        0         0        0        0
sys_groups                      62       62         0        0        0
sys_menus                      392      392         0        0        0
hakim_pt                       208      208         0        0        0
panitera_pt                    111      111         0        0        0
perkara_hakim_banding           88       88         0        0        0
perkara_panitera_banding        32       32         0        0        0
perkara_putusan_terdakwa_banding      403      403         0        0        0
perkara_keberatan_kppu           0        0         0        0        0
perkara_kewenangan_kppu          0        0         0        0        0
perkara_edoc_kppu                0        0         0        0        0
perkara_edoc_calendar         2830     2830         0        0        0
perkara_data_dukung_mediasi      485      485         0        0        0
perkara_biaya_jurusita        4891     4891         0        0        0
perkara_perbaikan_gugatan        0        0         0        0        0
perkara_wakaf                    0        0         0        0        0
perkara_mempelai_dk              0        0         0        0        0
perkara_anak_pihak               0        0         0        0        0
perkara_alasan_nikah             0        0         0        0        0
perkara_efiling_perlawanan        0        0         0        0        0
perkara_efiling_perlawanan        0        0         0        0        0
perkara_pemilu                   0        0         0        0        0
epayment                         0        0         0        0        0
ecourt_prodeo                    6        6         0        0        0
berpadu_pelimpahan            1511     1511         0        0        0
berpadu_pelimpahan_register     1511     1511         0        0        0
perkara_proses              252720   252719         1        0        0
perkara_klasifikasi_pkr         12       12         0        0        0
updates                         56       56         0        0        0
sys_audittrail              464431   464431         0        0        0


Job started at Mon Jun 29 13:42:04 2026
